<?xml version="1.0" encoding="UTF-8"?>
<!-- Generated by org.testng.reporters.JUnitXMLReporter -->
<testsuite hostname="KARTHIKs-MacBook-Pro.local" name="AvailabilityTest" tests="21" failures="4" timestamp="2 Mar 2017 04:15:51 GMT" time="10.738" errors="0">
  <testcase name="availabiltyJson" time="7.717" classname="com.example.tests.AvailabilityTest"/>
  <testcase name="testOrder" time="0.464" classname="com.example.tests.AvailabilityTest">
    <failure type="java.lang.AssertionError" message="Assertion Failed:Expecting response 200 , Response Code returned is: 404
 Petid : 1
testorder1 expected [true] but found [false]">
      <![CDATA[java.lang.AssertionError: Assertion Failed:Expecting response 200 , Response Code returned is: 404
 Petid : 1
testorder1 expected [true] but found [false]
	at com.example.tests.AvailabilityTest.testOrder(AvailabilityTest.java:106)
... Removed 30 stack frames]]>
    </failure>
  </testcase> <!-- testOrder -->
  <testcase name="testOrder" time="0.427" classname="com.example.tests.AvailabilityTest"/>
  <testcase name="testOrder" time="0.156" classname="com.example.tests.AvailabilityTest"/>
  <testcase name="testOrder" time="0.15" classname="com.example.tests.AvailabilityTest"/>
  <testcase name="testPostOrder" time="0.199" classname="com.example.tests.AvailabilityTest"/>
  <testcase name="testPostPet" time="0.155" classname="com.example.tests.AvailabilityTest"/>
  <testcase name="testPet" time="0.13" classname="com.example.tests.AvailabilityTest">
    <failure type="java.lang.AssertionError" message="Assertion Failed:Expecting response 200 , Response Code returned is: 404
 Petid : 2
 expected [true] but found [false]">
      <![CDATA[java.lang.AssertionError: Assertion Failed:Expecting response 200 , Response Code returned is: 404
 Petid : 2
 expected [true] but found [false]
	at com.example.tests.AvailabilityTest.testPet(AvailabilityTest.java:93)
... Removed 30 stack frames]]>
    </failure>
  </testcase> <!-- testPet -->
  <testcase name="testPet" time="0.125" classname="com.example.tests.AvailabilityTest"/>
  <testcase name="testPet" time="0.119" classname="com.example.tests.AvailabilityTest">
    <failure type="java.lang.AssertionError" message="Assertion Failed:Expecting response 200 , Response Code returned is: 404
 Petid : 4
 expected [true] but found [false]">
      <![CDATA[java.lang.AssertionError: Assertion Failed:Expecting response 200 , Response Code returned is: 404
 Petid : 4
 expected [true] but found [false]
	at com.example.tests.AvailabilityTest.testPet(AvailabilityTest.java:93)
... Removed 30 stack frames]]>
    </failure>
  </testcase> <!-- testPet -->
  <testcase name="testPet" time="0.136" classname="com.example.tests.AvailabilityTest">
    <failure type="java.lang.AssertionError" message="Assertion Failed:Expecting response 200 , Response Code returned is: 404
 Petid : 5
 expected [true] but found [false]">
      <![CDATA[java.lang.AssertionError: Assertion Failed:Expecting response 200 , Response Code returned is: 404
 Petid : 5
 expected [true] but found [false]
	at com.example.tests.AvailabilityTest.testPet(AvailabilityTest.java:93)
... Removed 30 stack frames]]>
    </failure>
  </testcase> <!-- testPet -->
  <testcase name="testPet" time="0.121" classname="com.example.tests.AvailabilityTest"/>
  <testcase name="testPet" time="0.145" classname="com.example.tests.AvailabilityTest"/>
  <testcase name="testPet" time="0.12" classname="com.example.tests.AvailabilityTest"/>
  <testcase name="testPet" time="0.131" classname="com.example.tests.AvailabilityTest"/>
  <testcase name="testPet" time="0.144" classname="com.example.tests.AvailabilityTest"/>
  <testcase name="testPet" time="0.122" classname="com.example.tests.AvailabilityTest"/>
  <testcase name="testGetOrder" time="0.0" classname="com.example.tests.AvailabilityTest"/>
  <testcase name="testPutPet" time="0.0" classname="com.example.tests.AvailabilityTest"/>
  <testcase name="testGetPet" time="0.0" classname="com.example.tests.AvailabilityTest"/>
  <testcase name="testDeletePet" time="0.129" classname="com.example.tests.AvailabilityTest"/>
</testsuite> <!-- AvailabilityTest -->
