<?xml version="1.0" encoding="UTF-8"?>
<!-- Generated by org.testng.reporters.JUnitXMLReporter -->
<testsuite hostname="KARTHIKs-MacBook-Pro.local" name="AvailabilityTest" tests="11" failures="4" timestamp="23 Feb 2017 23:54:03 GMT" time="8.365" errors="0">
  <testcase name="availabiltyJson" time="7.36" classname="com.example.tests.AvailabilityTest"/>
  <testcase name="testPet" time="0.195" classname="com.example.tests.AvailabilityTest">
    <failure type="java.lang.AssertionError" message="Assertion Failed:Expecting response 200 , Response Code returned is: 404
 Petid : 2
 expected [true] but found [false]">
      <![CDATA[java.lang.AssertionError: Assertion Failed:Expecting response 200 , Response Code returned is: 404
 Petid : 2
 expected [true] but found [false]
	at com.example.tests.AvailabilityTest.testPet(AvailabilityTest.java:36)
... Removed 30 stack frames]]>
    </failure>
  </testcase> <!-- testPet -->
  <testcase name="testPet" time="0.088" classname="com.example.tests.AvailabilityTest">
    <failure type="java.lang.AssertionError" message="Assertion Failed:Expecting response 200 , Response Code returned is: 404
 Petid : 3
 expected [true] but found [false]">
      <![CDATA[java.lang.AssertionError: Assertion Failed:Expecting response 200 , Response Code returned is: 404
 Petid : 3
 expected [true] but found [false]
	at com.example.tests.AvailabilityTest.testPet(AvailabilityTest.java:36)
... Removed 30 stack frames]]>
    </failure>
  </testcase> <!-- testPet -->
  <testcase name="testPet" time="0.093" classname="com.example.tests.AvailabilityTest">
    <failure type="java.lang.AssertionError" message="Assertion Failed:Expecting response 200 , Response Code returned is: 404
 Petid : 4
 expected [true] but found [false]">
      <![CDATA[java.lang.AssertionError: Assertion Failed:Expecting response 200 , Response Code returned is: 404
 Petid : 4
 expected [true] but found [false]
	at com.example.tests.AvailabilityTest.testPet(AvailabilityTest.java:36)
... Removed 30 stack frames]]>
    </failure>
  </testcase> <!-- testPet -->
  <testcase name="testPet" time="0.088" classname="com.example.tests.AvailabilityTest"/>
  <testcase name="testPet" time="0.098" classname="com.example.tests.AvailabilityTest"/>
  <testcase name="testPet" time="0.086" classname="com.example.tests.AvailabilityTest"/>
  <testcase name="testPet" time="0.09" classname="com.example.tests.AvailabilityTest"/>
  <testcase name="testPet" time="0.084" classname="com.example.tests.AvailabilityTest"/>
  <testcase name="testPet" time="0.082" classname="com.example.tests.AvailabilityTest"/>
  <testcase name="testPet" time="0.081" classname="com.example.tests.AvailabilityTest">
    <failure type="java.lang.AssertionError" message="Assertion Failed:Expecting response 200 , Response Code returned is: 404
 Petid : 11
 expected [true] but found [false]">
      <![CDATA[java.lang.AssertionError: Assertion Failed:Expecting response 200 , Response Code returned is: 404
 Petid : 11
 expected [true] but found [false]
	at com.example.tests.AvailabilityTest.testPet(AvailabilityTest.java:36)
... Removed 30 stack frames]]>
    </failure>
  </testcase> <!-- testPet -->
</testsuite> <!-- AvailabilityTest -->
