-------------------------------------------------------------------------------
Test set: TestSuite
-------------------------------------------------------------------------------
Tests run: 21, Failures: 4, Errors: 0, Skipped: 0, Time elapsed: 21.618 sec <<< FAILURE! - in TestSuite
testOrder(com.example.tests.AvailabilityTest)  Time elapsed: 0.467 sec  <<< FAILURE!
java.lang.AssertionError: Assertion Failed:Expecting response 200 , Response Code returned is: 404
 Petid : 1
testorder1 expected [true] but found [false]
	at org.testng.Assert.fail(Assert.java:94)
	at org.testng.Assert.failNotEquals(Assert.java:513)
	at org.testng.Assert.assertTrue(Assert.java:42)
	at com.example.tests.AvailabilityTest.testOrder(AvailabilityTest.java:106)

testPet(com.example.tests.AvailabilityTest)  Time elapsed: 0.129 sec  <<< FAILURE!
java.lang.AssertionError: Assertion Failed:Expecting response 200 , Response Code returned is: 404
 Petid : 2
 expected [true] but found [false]
	at org.testng.Assert.fail(Assert.java:94)
	at org.testng.Assert.failNotEquals(Assert.java:513)
	at org.testng.Assert.assertTrue(Assert.java:42)
	at com.example.tests.AvailabilityTest.testPet(AvailabilityTest.java:93)

testPet(com.example.tests.AvailabilityTest)  Time elapsed: 0.121 sec  <<< FAILURE!
java.lang.AssertionError: Assertion Failed:Expecting response 200 , Response Code returned is: 404
 Petid : 4
 expected [true] but found [false]
	at org.testng.Assert.fail(Assert.java:94)
	at org.testng.Assert.failNotEquals(Assert.java:513)
	at org.testng.Assert.assertTrue(Assert.java:42)
	at com.example.tests.AvailabilityTest.testPet(AvailabilityTest.java:93)

testPet(com.example.tests.AvailabilityTest)  Time elapsed: 0.142 sec  <<< FAILURE!
java.lang.AssertionError: Assertion Failed:Expecting response 200 , Response Code returned is: 404
 Petid : 5
 expected [true] but found [false]
	at org.testng.Assert.fail(Assert.java:94)
	at org.testng.Assert.failNotEquals(Assert.java:513)
	at org.testng.Assert.assertTrue(Assert.java:42)
	at com.example.tests.AvailabilityTest.testPet(AvailabilityTest.java:93)

