<?xml version="1.0" encoding="UTF-8"?>
<testsuite name="TestSuite" time="8.361" tests="11" errors="0" skipped="0" failures="4">
  <properties>
[...]
</properties>
  <testcase name="availabiltyJson" classname="com.example.tests.AvailabilityTest" time="7.364"/>
  <testcase name="testPet" classname="com.example.tests.AvailabilityTest" time="0.201">
    <failure message="Assertion Failed:Expecting response 200 , Response Code returned is: 404&#10; Petid : 2&#10; expected [true] but found [false]" type="java.lang.AssertionError">java.lang.AssertionError: Assertion Failed:Expecting response 200 , Response Code returned is: 404
 Petid : 2
 expected [true] but found [false]
	at org.testng.Assert.fail(Assert.java:94)
	at org.testng.Assert.failNotEquals(Assert.java:513)
	at org.testng.Assert.assertTrue(Assert.java:42)
	at com.example.tests.AvailabilityTest.testPet(AvailabilityTest.java:36)
</failure>
    <system-out><![CDATA[18:53:57.339 [main] DEBUG o.a.h.i.c.BasicClientConnectionManager - Get connection for route {}->http://petstore.swagger.io:80
18:53:57.340 [main] DEBUG o.a.h.i.c.DefaultClientConnectionOperator - Connecting to petstore.swagger.io:80
18:53:57.373 [main] DEBUG o.a.h.c.protocol.RequestAddCookies - CookieSpec selected: ignoreCookies
18:53:57.373 [main] DEBUG o.a.h.c.protocol.RequestAuthCache - Auth cache not set in the context
18:53:57.373 [main] DEBUG o.a.h.c.p.RequestTargetAuthentication - Target auth state: UNCHALLENGED
18:53:57.373 [main] DEBUG o.a.h.c.p.RequestProxyAuthentication - Proxy auth state: UNCHALLENGED
18:53:57.374 [main] DEBUG o.a.h.impl.client.DefaultHttpClient - Attempt 1 to execute request
18:53:57.374 [main] DEBUG o.a.h.i.conn.DefaultClientConnection - Sending request: GET /v2/pet/2 HTTP/1.1
18:53:57.374 [main] DEBUG org.apache.http.wire -  >> "GET /v2/pet/2 HTTP/1.1[\r][\n]"
18:53:57.374 [main] DEBUG org.apache.http.wire -  >> "Content-Type: application/json; charset=UTF-8[\r][\n]"
18:53:57.374 [main] DEBUG org.apache.http.wire -  >> "Accept: */*[\r][\n]"
18:53:57.374 [main] DEBUG org.apache.http.wire -  >> "Content-Length: 0[\r][\n]"
18:53:57.374 [main] DEBUG org.apache.http.wire -  >> "Host: petstore.swagger.io[\r][\n]"
18:53:57.374 [main] DEBUG org.apache.http.wire -  >> "Connection: Keep-Alive[\r][\n]"
18:53:57.374 [main] DEBUG org.apache.http.wire -  >> "User-Agent: Apache-HttpClient/4.5.1 (Java/1.8.0_73)[\r][\n]"
18:53:57.374 [main] DEBUG org.apache.http.wire -  >> "Accept-Encoding: gzip,deflate[\r][\n]"
18:53:57.375 [main] DEBUG org.apache.http.wire -  >> "[\r][\n]"
18:53:57.375 [main] DEBUG org.apache.http.headers - >> GET /v2/pet/2 HTTP/1.1
18:53:57.375 [main] DEBUG org.apache.http.headers - >> Content-Type: application/json; charset=UTF-8
18:53:57.375 [main] DEBUG org.apache.http.headers - >> Accept: */*
18:53:57.375 [main] DEBUG org.apache.http.headers - >> Content-Length: 0
18:53:57.375 [main] DEBUG org.apache.http.headers - >> Host: petstore.swagger.io
18:53:57.375 [main] DEBUG org.apache.http.headers - >> Connection: Keep-Alive
18:53:57.375 [main] DEBUG org.apache.http.headers - >> User-Agent: Apache-HttpClient/4.5.1 (Java/1.8.0_73)
18:53:57.375 [main] DEBUG org.apache.http.headers - >> Accept-Encoding: gzip,deflate
18:53:57.408 [main] DEBUG org.apache.http.wire -  << "HTTP/1.1 404 Not Found[\r][\n]"
18:53:57.409 [main] DEBUG org.apache.http.wire -  << "Date: Thu, 23 Feb 2017 23:53:58 GMT[\r][\n]"
18:53:57.409 [main] DEBUG org.apache.http.wire -  << "Access-Control-Allow-Origin: *[\r][\n]"
18:53:57.410 [main] DEBUG org.apache.http.wire -  << "Access-Control-Allow-Methods: GET, POST, DELETE, PUT[\r][\n]"
18:53:57.410 [main] DEBUG org.apache.http.wire -  << "Access-Control-Allow-Headers: Content-Type, api_key, Authorization[\r][\n]"
18:53:57.410 [main] DEBUG org.apache.http.wire -  << "Content-Type: application/json[\r][\n]"
18:53:57.410 [main] DEBUG org.apache.http.wire -  << "Connection: close[\r][\n]"
18:53:57.410 [main] DEBUG org.apache.http.wire -  << "Server: Jetty(9.2.9.v20150224)[\r][\n]"
18:53:57.410 [main] DEBUG org.apache.http.wire -  << "[\r][\n]"
18:53:57.410 [main] DEBUG o.a.h.i.conn.DefaultClientConnection - Receiving response: HTTP/1.1 404 Not Found
18:53:57.410 [main] DEBUG org.apache.http.headers - << HTTP/1.1 404 Not Found
18:53:57.411 [main] DEBUG org.apache.http.headers - << Date: Thu, 23 Feb 2017 23:53:58 GMT
18:53:57.411 [main] DEBUG org.apache.http.headers - << Access-Control-Allow-Origin: *
18:53:57.411 [main] DEBUG org.apache.http.headers - << Access-Control-Allow-Methods: GET, POST, DELETE, PUT
18:53:57.411 [main] DEBUG org.apache.http.headers - << Access-Control-Allow-Headers: Content-Type, api_key, Authorization
18:53:57.411 [main] DEBUG org.apache.http.headers - << Content-Type: application/json
18:53:57.411 [main] DEBUG org.apache.http.headers - << Connection: close
18:53:57.411 [main] DEBUG org.apache.http.headers - << Server: Jetty(9.2.9.v20150224)
18:53:57.507 [main] DEBUG i.r.i.RequestSpecificationImpl$RestAssuredHttpBuilder - Parsing response as: application/json
18:53:57.507 [main] DEBUG i.r.i.RequestSpecificationImpl$RestAssuredHttpBuilder - Parsed data to instance of: class org.apache.http.conn.EofSensorInputStream
18:53:57.509 [main] INFO  com.example.tests.AvailabilityTest - http://petstore.swagger.io/v2/pet/2
18:53:57.509 [Finalizer] DEBUG o.a.h.i.conn.DefaultClientConnection - Connection 0.0.0.0:53240<->162.125.4.1:443 closed
]]></system-out>
  </testcase>
  <testcase name="testPet" classname="com.example.tests.AvailabilityTest" time="0.088">
    <failure message="Assertion Failed:Expecting response 200 , Response Code returned is: 404&#10; Petid : 3&#10; expected [true] but found [false]" type="java.lang.AssertionError">java.lang.AssertionError: Assertion Failed:Expecting response 200 , Response Code returned is: 404
 Petid : 3
 expected [true] but found [false]
	at org.testng.Assert.fail(Assert.java:94)
	at org.testng.Assert.failNotEquals(Assert.java:513)
	at org.testng.Assert.assertTrue(Assert.java:42)
	at com.example.tests.AvailabilityTest.testPet(AvailabilityTest.java:36)
</failure>
    <system-out><![CDATA[18:53:57.528 [main] DEBUG o.a.h.i.c.BasicClientConnectionManager - Get connection for route {}->http://petstore.swagger.io:80
18:53:57.528 [main] DEBUG o.a.h.i.c.DefaultClientConnectionOperator - Connecting to petstore.swagger.io:80
18:53:57.561 [main] DEBUG o.a.h.c.protocol.RequestAddCookies - CookieSpec selected: ignoreCookies
18:53:57.561 [main] DEBUG o.a.h.c.protocol.RequestAuthCache - Auth cache not set in the context
18:53:57.561 [main] DEBUG o.a.h.c.p.RequestTargetAuthentication - Target auth state: UNCHALLENGED
18:53:57.561 [main] DEBUG o.a.h.c.p.RequestProxyAuthentication - Proxy auth state: UNCHALLENGED
18:53:57.562 [main] DEBUG o.a.h.impl.client.DefaultHttpClient - Attempt 1 to execute request
18:53:57.562 [main] DEBUG o.a.h.i.conn.DefaultClientConnection - Sending request: GET /v2/pet/3 HTTP/1.1
18:53:57.562 [main] DEBUG org.apache.http.wire -  >> "GET /v2/pet/3 HTTP/1.1[\r][\n]"
18:53:57.562 [main] DEBUG org.apache.http.wire -  >> "Content-Type: application/json; charset=UTF-8[\r][\n]"
18:53:57.562 [main] DEBUG org.apache.http.wire -  >> "Accept: */*[\r][\n]"
18:53:57.562 [main] DEBUG org.apache.http.wire -  >> "Content-Length: 0[\r][\n]"
18:53:57.562 [main] DEBUG org.apache.http.wire -  >> "Host: petstore.swagger.io[\r][\n]"
18:53:57.562 [main] DEBUG org.apache.http.wire -  >> "Connection: Keep-Alive[\r][\n]"
18:53:57.563 [main] DEBUG org.apache.http.wire -  >> "User-Agent: Apache-HttpClient/4.5.1 (Java/1.8.0_73)[\r][\n]"
18:53:57.563 [main] DEBUG org.apache.http.wire -  >> "Accept-Encoding: gzip,deflate[\r][\n]"
18:53:57.563 [main] DEBUG org.apache.http.wire -  >> "[\r][\n]"
18:53:57.563 [main] DEBUG org.apache.http.headers - >> GET /v2/pet/3 HTTP/1.1
18:53:57.563 [main] DEBUG org.apache.http.headers - >> Content-Type: application/json; charset=UTF-8
18:53:57.563 [main] DEBUG org.apache.http.headers - >> Accept: */*
18:53:57.563 [main] DEBUG org.apache.http.headers - >> Content-Length: 0
18:53:57.564 [main] DEBUG org.apache.http.headers - >> Host: petstore.swagger.io
18:53:57.564 [main] DEBUG org.apache.http.headers - >> Connection: Keep-Alive
18:53:57.564 [main] DEBUG org.apache.http.headers - >> User-Agent: Apache-HttpClient/4.5.1 (Java/1.8.0_73)
18:53:57.564 [main] DEBUG org.apache.http.headers - >> Accept-Encoding: gzip,deflate
18:53:57.600 [main] DEBUG org.apache.http.wire -  << "HTTP/1.1 404 Not Found[\r][\n]"
18:53:57.600 [main] DEBUG org.apache.http.wire -  << "Date: Thu, 23 Feb 2017 23:53:58 GMT[\r][\n]"
18:53:57.600 [main] DEBUG org.apache.http.wire -  << "Access-Control-Allow-Origin: *[\r][\n]"
18:53:57.601 [main] DEBUG org.apache.http.wire -  << "Access-Control-Allow-Methods: GET, POST, DELETE, PUT[\r][\n]"
18:53:57.601 [main] DEBUG org.apache.http.wire -  << "Access-Control-Allow-Headers: Content-Type, api_key, Authorization[\r][\n]"
18:53:57.601 [main] DEBUG org.apache.http.wire -  << "Content-Type: application/json[\r][\n]"
18:53:57.601 [main] DEBUG org.apache.http.wire -  << "Connection: close[\r][\n]"
18:53:57.601 [main] DEBUG org.apache.http.wire -  << "Server: Jetty(9.2.9.v20150224)[\r][\n]"
18:53:57.601 [main] DEBUG org.apache.http.wire -  << "[\r][\n]"
18:53:57.601 [main] DEBUG o.a.h.i.conn.DefaultClientConnection - Receiving response: HTTP/1.1 404 Not Found
18:53:57.601 [main] DEBUG org.apache.http.headers - << HTTP/1.1 404 Not Found
18:53:57.601 [main] DEBUG org.apache.http.headers - << Date: Thu, 23 Feb 2017 23:53:58 GMT
18:53:57.601 [main] DEBUG org.apache.http.headers - << Access-Control-Allow-Origin: *
18:53:57.601 [main] DEBUG org.apache.http.headers - << Access-Control-Allow-Methods: GET, POST, DELETE, PUT
18:53:57.601 [main] DEBUG org.apache.http.headers - << Access-Control-Allow-Headers: Content-Type, api_key, Authorization
18:53:57.601 [main] DEBUG org.apache.http.headers - << Content-Type: application/json
18:53:57.601 [main] DEBUG org.apache.http.headers - << Connection: close
18:53:57.601 [main] DEBUG org.apache.http.headers - << Server: Jetty(9.2.9.v20150224)
18:53:57.602 [main] DEBUG i.r.i.RequestSpecificationImpl$RestAssuredHttpBuilder - Parsing response as: application/json
18:53:57.602 [main] DEBUG i.r.i.RequestSpecificationImpl$RestAssuredHttpBuilder - Parsed data to instance of: class org.apache.http.conn.EofSensorInputStream
18:53:57.603 [main] INFO  com.example.tests.AvailabilityTest - http://petstore.swagger.io/v2/pet/3
]]></system-out>
  </testcase>
  <testcase name="testPet" classname="com.example.tests.AvailabilityTest" time="0.093">
    <failure message="Assertion Failed:Expecting response 200 , Response Code returned is: 404&#10; Petid : 4&#10; expected [true] but found [false]" type="java.lang.AssertionError">java.lang.AssertionError: Assertion Failed:Expecting response 200 , Response Code returned is: 404
 Petid : 4
 expected [true] but found [false]
	at org.testng.Assert.fail(Assert.java:94)
	at org.testng.Assert.failNotEquals(Assert.java:513)
	at org.testng.Assert.assertTrue(Assert.java:42)
	at com.example.tests.AvailabilityTest.testPet(AvailabilityTest.java:36)
</failure>
    <system-out><![CDATA[18:53:57.624 [main] DEBUG o.a.h.i.c.BasicClientConnectionManager - Get connection for route {}->http://petstore.swagger.io:80
18:53:57.624 [main] DEBUG o.a.h.i.c.DefaultClientConnectionOperator - Connecting to petstore.swagger.io:80
18:53:57.657 [main] DEBUG o.a.h.c.protocol.RequestAddCookies - CookieSpec selected: ignoreCookies
18:53:57.657 [main] DEBUG o.a.h.c.protocol.RequestAuthCache - Auth cache not set in the context
18:53:57.657 [main] DEBUG o.a.h.c.p.RequestTargetAuthentication - Target auth state: UNCHALLENGED
18:53:57.657 [main] DEBUG o.a.h.c.p.RequestProxyAuthentication - Proxy auth state: UNCHALLENGED
18:53:57.657 [main] DEBUG o.a.h.impl.client.DefaultHttpClient - Attempt 1 to execute request
18:53:57.657 [main] DEBUG o.a.h.i.conn.DefaultClientConnection - Sending request: GET /v2/pet/4 HTTP/1.1
18:53:57.657 [main] DEBUG org.apache.http.wire -  >> "GET /v2/pet/4 HTTP/1.1[\r][\n]"
18:53:57.657 [main] DEBUG org.apache.http.wire -  >> "Content-Type: application/json; charset=UTF-8[\r][\n]"
18:53:57.657 [main] DEBUG org.apache.http.wire -  >> "Accept: */*[\r][\n]"
18:53:57.657 [main] DEBUG org.apache.http.wire -  >> "Content-Length: 0[\r][\n]"
18:53:57.657 [main] DEBUG org.apache.http.wire -  >> "Host: petstore.swagger.io[\r][\n]"
18:53:57.658 [main] DEBUG org.apache.http.wire -  >> "Connection: Keep-Alive[\r][\n]"
18:53:57.658 [main] DEBUG org.apache.http.wire -  >> "User-Agent: Apache-HttpClient/4.5.1 (Java/1.8.0_73)[\r][\n]"
18:53:57.658 [main] DEBUG org.apache.http.wire -  >> "Accept-Encoding: gzip,deflate[\r][\n]"
18:53:57.658 [main] DEBUG org.apache.http.wire -  >> "[\r][\n]"
18:53:57.658 [main] DEBUG org.apache.http.headers - >> GET /v2/pet/4 HTTP/1.1
18:53:57.658 [main] DEBUG org.apache.http.headers - >> Content-Type: application/json; charset=UTF-8
18:53:57.658 [main] DEBUG org.apache.http.headers - >> Accept: */*
18:53:57.658 [main] DEBUG org.apache.http.headers - >> Content-Length: 0
18:53:57.658 [main] DEBUG org.apache.http.headers - >> Host: petstore.swagger.io
18:53:57.658 [main] DEBUG org.apache.http.headers - >> Connection: Keep-Alive
18:53:57.658 [main] DEBUG org.apache.http.headers - >> User-Agent: Apache-HttpClient/4.5.1 (Java/1.8.0_73)
18:53:57.658 [main] DEBUG org.apache.http.headers - >> Accept-Encoding: gzip,deflate
18:53:57.691 [main] DEBUG org.apache.http.wire -  << "HTTP/1.1 404 Not Found[\r][\n]"
18:53:57.692 [main] DEBUG org.apache.http.wire -  << "Date: Thu, 23 Feb 2017 23:53:58 GMT[\r][\n]"
18:53:57.692 [main] DEBUG org.apache.http.wire -  << "Access-Control-Allow-Origin: *[\r][\n]"
18:53:57.692 [main] DEBUG org.apache.http.wire -  << "Access-Control-Allow-Methods: GET, POST, DELETE, PUT[\r][\n]"
18:53:57.692 [main] DEBUG org.apache.http.wire -  << "Access-Control-Allow-Headers: Content-Type, api_key, Authorization[\r][\n]"
18:53:57.692 [main] DEBUG org.apache.http.wire -  << "Content-Type: application/json[\r][\n]"
18:53:57.692 [main] DEBUG org.apache.http.wire -  << "Connection: close[\r][\n]"
18:53:57.692 [main] DEBUG org.apache.http.wire -  << "Server: Jetty(9.2.9.v20150224)[\r][\n]"
18:53:57.693 [main] DEBUG org.apache.http.wire -  << "[\r][\n]"
18:53:57.693 [main] DEBUG o.a.h.i.conn.DefaultClientConnection - Receiving response: HTTP/1.1 404 Not Found
18:53:57.693 [main] DEBUG org.apache.http.headers - << HTTP/1.1 404 Not Found
18:53:57.693 [main] DEBUG org.apache.http.headers - << Date: Thu, 23 Feb 2017 23:53:58 GMT
18:53:57.693 [main] DEBUG org.apache.http.headers - << Access-Control-Allow-Origin: *
18:53:57.693 [main] DEBUG org.apache.http.headers - << Access-Control-Allow-Methods: GET, POST, DELETE, PUT
18:53:57.693 [main] DEBUG org.apache.http.headers - << Access-Control-Allow-Headers: Content-Type, api_key, Authorization
18:53:57.693 [main] DEBUG org.apache.http.headers - << Content-Type: application/json
18:53:57.693 [main] DEBUG org.apache.http.headers - << Connection: close
18:53:57.693 [main] DEBUG org.apache.http.headers - << Server: Jetty(9.2.9.v20150224)
18:53:57.694 [main] DEBUG i.r.i.RequestSpecificationImpl$RestAssuredHttpBuilder - Parsing response as: application/json
18:53:57.694 [main] DEBUG i.r.i.RequestSpecificationImpl$RestAssuredHttpBuilder - Parsed data to instance of: class org.apache.http.conn.EofSensorInputStream
18:53:57.695 [main] INFO  com.example.tests.AvailabilityTest - http://petstore.swagger.io/v2/pet/4
]]></system-out>
  </testcase>
  <testcase name="testPet" classname="com.example.tests.AvailabilityTest" time="0.088"/>
  <testcase name="testPet" classname="com.example.tests.AvailabilityTest" time="0.103"/>
  <testcase name="testPet" classname="com.example.tests.AvailabilityTest" time="0.083"/>
  <testcase name="testPet" classname="com.example.tests.AvailabilityTest" time="0.088"/>
  <testcase name="testPet" classname="com.example.tests.AvailabilityTest" time="0.084"/>
  <testcase name="testPet" classname="com.example.tests.AvailabilityTest" time="0.082"/>
  <testcase name="testPet" classname="com.example.tests.AvailabilityTest" time="0.087">
    <failure message="Assertion Failed:Expecting response 200 , Response Code returned is: 404&#10; Petid : 11&#10; expected [true] but found [false]" type="java.lang.AssertionError">java.lang.AssertionError: Assertion Failed:Expecting response 200 , Response Code returned is: 404
 Petid : 11
 expected [true] but found [false]
	at org.testng.Assert.fail(Assert.java:94)
	at org.testng.Assert.failNotEquals(Assert.java:513)
	at org.testng.Assert.assertTrue(Assert.java:42)
	at com.example.tests.AvailabilityTest.testPet(AvailabilityTest.java:36)
</failure>
    <system-out><![CDATA[18:53:58.233 [main] DEBUG o.a.h.i.c.BasicClientConnectionManager - Get connection for route {}->http://petstore.swagger.io:80
18:53:58.234 [main] DEBUG o.a.h.i.c.DefaultClientConnectionOperator - Connecting to petstore.swagger.io:80
18:53:58.267 [main] DEBUG o.a.h.c.protocol.RequestAddCookies - CookieSpec selected: ignoreCookies
18:53:58.267 [main] DEBUG o.a.h.c.protocol.RequestAuthCache - Auth cache not set in the context
18:53:58.267 [main] DEBUG o.a.h.c.p.RequestTargetAuthentication - Target auth state: UNCHALLENGED
18:53:58.267 [main] DEBUG o.a.h.c.p.RequestProxyAuthentication - Proxy auth state: UNCHALLENGED
18:53:58.267 [main] DEBUG o.a.h.impl.client.DefaultHttpClient - Attempt 1 to execute request
18:53:58.267 [main] DEBUG o.a.h.i.conn.DefaultClientConnection - Sending request: GET /v2/pet/11 HTTP/1.1
18:53:58.267 [main] DEBUG org.apache.http.wire -  >> "GET /v2/pet/11 HTTP/1.1[\r][\n]"
18:53:58.267 [main] DEBUG org.apache.http.wire -  >> "Content-Type: application/json; charset=UTF-8[\r][\n]"
18:53:58.267 [main] DEBUG org.apache.http.wire -  >> "Accept: */*[\r][\n]"
18:53:58.267 [main] DEBUG org.apache.http.wire -  >> "Content-Length: 0[\r][\n]"
18:53:58.268 [main] DEBUG org.apache.http.wire -  >> "Host: petstore.swagger.io[\r][\n]"
18:53:58.268 [main] DEBUG org.apache.http.wire -  >> "Connection: Keep-Alive[\r][\n]"
18:53:58.268 [main] DEBUG org.apache.http.wire -  >> "User-Agent: Apache-HttpClient/4.5.1 (Java/1.8.0_73)[\r][\n]"
18:53:58.268 [main] DEBUG org.apache.http.wire -  >> "Accept-Encoding: gzip,deflate[\r][\n]"
18:53:58.268 [main] DEBUG org.apache.http.wire -  >> "[\r][\n]"
18:53:58.268 [main] DEBUG org.apache.http.headers - >> GET /v2/pet/11 HTTP/1.1
18:53:58.268 [main] DEBUG org.apache.http.headers - >> Content-Type: application/json; charset=UTF-8
18:53:58.268 [main] DEBUG org.apache.http.headers - >> Accept: */*
18:53:58.268 [main] DEBUG org.apache.http.headers - >> Content-Length: 0
18:53:58.268 [main] DEBUG org.apache.http.headers - >> Host: petstore.swagger.io
18:53:58.268 [main] DEBUG org.apache.http.headers - >> Connection: Keep-Alive
18:53:58.268 [main] DEBUG org.apache.http.headers - >> User-Agent: Apache-HttpClient/4.5.1 (Java/1.8.0_73)
18:53:58.268 [main] DEBUG org.apache.http.headers - >> Accept-Encoding: gzip,deflate
18:53:58.302 [main] DEBUG org.apache.http.wire -  << "HTTP/1.1 404 Not Found[\r][\n]"
18:53:58.302 [main] DEBUG org.apache.http.wire -  << "Date: Thu, 23 Feb 2017 23:53:59 GMT[\r][\n]"
18:53:58.303 [main] DEBUG org.apache.http.wire -  << "Access-Control-Allow-Origin: *[\r][\n]"
18:53:58.303 [main] DEBUG org.apache.http.wire -  << "Access-Control-Allow-Methods: GET, POST, DELETE, PUT[\r][\n]"
18:53:58.303 [main] DEBUG org.apache.http.wire -  << "Access-Control-Allow-Headers: Content-Type, api_key, Authorization[\r][\n]"
18:53:58.303 [main] DEBUG org.apache.http.wire -  << "Content-Type: application/json[\r][\n]"
18:53:58.304 [main] DEBUG org.apache.http.wire -  << "Connection: close[\r][\n]"
18:53:58.304 [main] DEBUG org.apache.http.wire -  << "Server: Jetty(9.2.9.v20150224)[\r][\n]"
18:53:58.304 [main] DEBUG org.apache.http.wire -  << "[\r][\n]"
18:53:58.304 [main] DEBUG o.a.h.i.conn.DefaultClientConnection - Receiving response: HTTP/1.1 404 Not Found
18:53:58.304 [main] DEBUG org.apache.http.headers - << HTTP/1.1 404 Not Found
18:53:58.304 [main] DEBUG org.apache.http.headers - << Date: Thu, 23 Feb 2017 23:53:59 GMT
18:53:58.304 [main] DEBUG org.apache.http.headers - << Access-Control-Allow-Origin: *
18:53:58.304 [main] DEBUG org.apache.http.headers - << Access-Control-Allow-Methods: GET, POST, DELETE, PUT
18:53:58.304 [main] DEBUG org.apache.http.headers - << Access-Control-Allow-Headers: Content-Type, api_key, Authorization
18:53:58.304 [main] DEBUG org.apache.http.headers - << Content-Type: application/json
18:53:58.304 [main] DEBUG org.apache.http.headers - << Connection: close
18:53:58.304 [main] DEBUG org.apache.http.headers - << Server: Jetty(9.2.9.v20150224)
18:53:58.305 [main] DEBUG i.r.i.RequestSpecificationImpl$RestAssuredHttpBuilder - Parsing response as: application/json
18:53:58.305 [main] DEBUG i.r.i.RequestSpecificationImpl$RestAssuredHttpBuilder - Parsed data to instance of: class org.apache.http.conn.EofSensorInputStream
18:53:58.306 [main] INFO  com.example.tests.AvailabilityTest - http://petstore.swagger.io/v2/pet/11
]]></system-out>
  </testcase>
</testsuite>