<?xml version="1.0" encoding="UTF-8"?>
<testng-results skipped="0" failed="0" total="1" passed="1">
  <reporter-output>
  </reporter-output>
  <suite name="Surefire suite" duration-ms="8115" started-at="2017-01-16T20:26:18Z" finished-at="2017-01-16T20:26:26Z">
    <groups>
    </groups>
    <test name="Surefire test" duration-ms="8115" started-at="2017-01-16T20:26:18Z" finished-at="2017-01-16T20:26:26Z">
      <class name="com.example.AvailabilityTest">
        <test-method status="PASS" signature="initFramework(java.lang.String, org.testng.ITestContext)[pri:0, instance:com.example.AvailabilityTest@6737fd8f]" name="initFramework" is-config="true" duration-ms="20" started-at="2017-01-16T15:26:18Z" finished-at="2017-01-16T15:26:18Z">
          <params>
            <param index="0">
              <value>
                <![CDATA[dev.configuration.properties]]>
              </value>
            </param>
            <param index="1">
              <value>
                <![CDATA[org.testng.TestRunner@1cd201a8]]>
              </value>
            </param>
          </params>
          <reporter-output>
          </reporter-output>
        </test-method> <!-- initFramework -->
        <test-method status="PASS" signature="availabiltyJson()[pri:0, instance:com.example.AvailabilityTest@6737fd8f]" name="availabiltyJson" duration-ms="8101" started-at="2017-01-16T15:26:18Z" finished-at="2017-01-16T15:26:26Z">
          <reporter-output>
          </reporter-output>
        </test-method> <!-- availabiltyJson -->
      </class> <!-- com.example.AvailabilityTest -->
    </test> <!-- Surefire test -->
  </suite> <!-- Surefire suite -->
</testng-results>
