<?xml version="1.0" encoding="UTF-8"?>
<testng-results skipped="0" failed="0" total="1" passed="1">
  <reporter-output>
  </reporter-output>
  <suite name="DevTest" duration-ms="8617" started-at="2017-03-06T04:47:53Z" finished-at="2017-03-06T04:48:02Z">
    <groups>
    </groups>
    <test name="AvailabilityTest" duration-ms="8617" started-at="2017-03-06T04:47:53Z" finished-at="2017-03-06T04:48:02Z">
      <class name="com.example.tests.AvailabilityTest">
        <test-method status="PASS" signature="initFramework(java.lang.String, org.testng.ITestContext)[pri:0, instance:com.example.tests.AvailabilityTest@1e6d1014]" name="initFramework" is-config="true" duration-ms="25" started-at="2017-03-05T23:47:53Z" finished-at="2017-03-05T23:47:53Z">
          <params>
            <param index="0">
              <value>
                <![CDATA[dev.configuration.properties]]>
              </value>
            </param>
            <param index="1">
              <value>
                <![CDATA[org.testng.TestRunner@6f0ca692]]>
              </value>
            </param>
          </params>
          <reporter-output>
          </reporter-output>
        </test-method> <!-- initFramework -->
        <test-method status="PASS" signature="availabiltyJson()[pri:0, instance:com.example.tests.AvailabilityTest@1e6d1014]" name="availabiltyJson" duration-ms="8609" started-at="2017-03-05T23:47:53Z" finished-at="2017-03-05T23:48:02Z">
          <reporter-output>
          </reporter-output>
        </test-method> <!-- availabiltyJson -->
      </class> <!-- com.example.tests.AvailabilityTest -->
    </test> <!-- AvailabilityTest -->
  </suite> <!-- DevTest -->
</testng-results>
