<?xml version="1.0" encoding="UTF-8"?>
<testng-results skipped="0" failed="0" total="1" passed="1">
  <reporter-output>
  </reporter-output>
  <suite name="DevTest" duration-ms="7903" started-at="2017-03-02T17:42:35Z" finished-at="2017-03-02T17:42:43Z">
    <groups>
    </groups>
    <test name="AvailabilityTest" duration-ms="7903" started-at="2017-03-02T17:42:35Z" finished-at="2017-03-02T17:42:43Z">
      <class name="com.example.tests.AvailabilityTest">
        <test-method status="PASS" signature="initFramework(java.lang.String, org.testng.ITestContext)[pri:0, instance:com.example.tests.AvailabilityTest@7276c8cd]" name="initFramework" is-config="true" duration-ms="20" started-at="2017-03-02T12:42:35Z" finished-at="2017-03-02T12:42:35Z">
          <params>
            <param index="0">
              <value>
                <![CDATA[dev.configuration.properties]]>
              </value>
            </param>
            <param index="1">
              <value>
                <![CDATA[org.testng.TestRunner@674c583e]]>
              </value>
            </param>
          </params>
          <reporter-output>
          </reporter-output>
        </test-method> <!-- initFramework -->
        <test-method status="PASS" signature="availabiltyJson()[pri:0, instance:com.example.tests.AvailabilityTest@7276c8cd]" name="availabiltyJson" duration-ms="7882" started-at="2017-03-02T12:42:35Z" finished-at="2017-03-02T12:42:43Z">
          <reporter-output>
          </reporter-output>
        </test-method> <!-- availabiltyJson -->
      </class> <!-- com.example.tests.AvailabilityTest -->
    </test> <!-- AvailabilityTest -->
  </suite> <!-- DevTest -->
</testng-results>
